<?xml version="1.0" encoding="UTF-8"?>
<robot generator="Robot 7.1.1 (Python 3.12.2 on win32)" generated="2024-11-24T20:56:15.121130" rpa="false" schemaversion="5">
<suite id="s1" name="Habertest" source="C:\Users\mehme\IdeaProjects\untitled4\tests\habertest.robot">
<test id="s1-t1" name="Sekizinci Haber Test" line="7">
<kw name="2NHaber Anasayfasına git" owner="haberpage">
<kw name="Open Browser" owner="SeleniumLibrary">
<msg time="2024-11-24T20:56:15.400224" level="INFO">Opening browser 'Chrome' to base url 'https://2nhaber.com/'.</msg>
<arg>${Datas.URL}</arg>
<arg>Chrome</arg>
<doc>Opens a new browser instance to the optional ``url``.</doc>
<status status="PASS" start="2024-11-24T20:56:15.398718" elapsed="2.665129"/>
</kw>
<kw name="Maximize Browser Window" owner="SeleniumLibrary">
<doc>Maximizes current browser window.</doc>
<status status="PASS" start="2024-11-24T20:56:18.065000" elapsed="0.034051"/>
</kw>
<kw name="Title Should Be" owner="SeleniumLibrary">
<msg time="2024-11-24T20:56:18.113546" level="INFO">Page title is '2N Haber – Yarını Bugün Keşfet!'.</msg>
<arg>2N Haber – Yarını Bugün Keşfet!</arg>
<doc>Verifies that the current page title equals ``title``.</doc>
<status status="PASS" start="2024-11-24T20:56:18.099051" elapsed="0.014495"/>
</kw>
<status status="PASS" start="2024-11-24T20:56:15.398718" elapsed="2.714828"/>
</kw>
<kw name="Arama çubuğunda &quot;istanbul&quot; ara" owner="haberpage">
<kw name="Wait Until Element Is Visible" owner="SeleniumLibrary">
<arg>${HaberLocators.SEARCH_BAR_LOCATE}</arg>
<doc>Waits until the element ``locator`` is visible.</doc>
<status status="PASS" start="2024-11-24T20:56:18.114693" elapsed="0.022110"/>
</kw>
<kw name="Click Element" owner="SeleniumLibrary">
<msg time="2024-11-24T20:56:18.137800" level="INFO">Clicking element '//span[@class='elementor-widget-cmsmasters-search__popup-trigger-inner-icon']//*[name()='svg']'.</msg>
<arg>${HaberLocators.SEARCH_BAR_LOCATE}</arg>
<doc>Click the element identified by ``locator``.</doc>
<status status="PASS" start="2024-11-24T20:56:18.137800" elapsed="0.092786"/>
</kw>
<kw name="Wait Until Element Is Visible" owner="SeleniumLibrary">
<arg>${HaberLocators.SEARCH_INPUT}</arg>
<doc>Waits until the element ``locator`` is visible.</doc>
<status status="PASS" start="2024-11-24T20:56:18.231582" elapsed="0.451473"/>
</kw>
<kw name="Input Text" owner="SeleniumLibrary">
<msg time="2024-11-24T20:56:18.684555" level="INFO">Typing text 'istanbul' into text field '//input[@placeholder='Keşfet...']'.</msg>
<arg>${HaberLocators.SEARCH_INPUT}</arg>
<arg>${Datas.SEARCH_TEXT}</arg>
<doc>Types the given ``text`` into the text field identified by ``locator``.</doc>
<status status="PASS" start="2024-11-24T20:56:18.684052" elapsed="0.070731"/>
</kw>
<kw name="Press Keys" owner="SeleniumLibrary">
<msg time="2024-11-24T20:56:18.754783" level="INFO">Sending key(s) ('ENTER',) to //input[@placeholder='Keşfet...'] element.</msg>
<msg time="2024-11-24T20:56:19.028979" level="INFO">Pressing special key ENTER to element.</msg>
<msg time="2024-11-24T20:56:19.028979" level="INFO">Releasing special key ENTER.</msg>
<arg>${HaberLocators.SEARCH_INPUT}</arg>
<arg>ENTER</arg>
<doc>Simulates the user pressing key(s) to an element or on the active browser.</doc>
<status status="PASS" start="2024-11-24T20:56:18.754783" elapsed="1.886685"/>
</kw>
<status status="PASS" start="2024-11-24T20:56:18.114693" elapsed="2.526775"/>
</kw>
<kw name="Sayfayı kaydır" owner="haberpage">
<kw name="Execute Javascript" owner="SeleniumLibrary">
<msg time="2024-11-24T20:56:20.642464" level="INFO">Executing JavaScript:
window.scrollTo(0,1800);
Without any arguments.</msg>
<arg>window.scrollTo(0,1800);</arg>
<doc>Executes the given JavaScript code with possible arguments.</doc>
<status status="PASS" start="2024-11-24T20:56:20.642464" elapsed="0.003775"/>
</kw>
<kw name="Sleep" owner="BuiltIn">
<msg time="2024-11-24T20:56:23.646723" level="INFO">Slept 3 seconds.</msg>
<arg>3</arg>
<doc>Pauses the test executed for the given time.</doc>
<status status="PASS" start="2024-11-24T20:56:20.646239" elapsed="3.000484"/>
</kw>
<status status="PASS" start="2024-11-24T20:56:20.642464" elapsed="3.004259"/>
</kw>
<kw name="Sekizinci Haberi Bul" owner="haberpage">
<kw name="Get WebElements" owner="SeleniumLibrary">
<msg time="2024-11-24T20:56:23.656223" level="INFO">${elements} = [&lt;selenium.webdriver.remote.webelement.WebElement (session="e5ea27b93a339dcdd6e4f38886cdc93d", element="f.61551EE8E8C01697A0C40ED302CCAD2D.d.58F69C9E1FE603051417EB187DD9271D.e.55")&gt;, &lt;selenium.webdriv...</msg>
<var>${elements}</var>
<arg>${HaberLocators.HABER_SEKIZ_LOCATE}</arg>
<doc>Returns a list of WebElement objects matching the ``locator``.</doc>
<status status="PASS" start="2024-11-24T20:56:23.646723" elapsed="0.009500"/>
</kw>
<kw name="Get From List" owner="Collections">
<msg time="2024-11-24T20:56:23.656223" level="INFO">${target_result} = &lt;selenium.webdriver.remote.webelement.WebElement (session="e5ea27b93a339dcdd6e4f38886cdc93d", element="f.61551EE8E8C01697A0C40ED302CCAD2D.d.58F69C9E1FE603051417EB187DD9271D.e.189")&gt;</msg>
<var>${target_result}</var>
<arg>${elements}</arg>
<arg>${Datas.INDEX-1}</arg>
<doc>Returns the value specified with an ``index`` from ``list``.</doc>
<status status="PASS" start="2024-11-24T20:56:23.656223" elapsed="0.000997"/>
</kw>
<kw name="Click Element" owner="SeleniumLibrary">
<msg time="2024-11-24T20:56:23.664810" level="INFO">Clicking element '&lt;selenium.webdriver.remote.webelement.WebElement (session="e5ea27b93a339dcdd6e4f38886cdc93d", element="f.61551EE8E8C01697A0C40ED302CCAD2D.d.58F69C9E1FE603051417EB187DD9271D.e.189")&gt;'.</msg>
<arg>${target_result}</arg>
<doc>Click the element identified by ``locator``.</doc>
<status status="PASS" start="2024-11-24T20:56:23.657220" elapsed="1.234344"/>
</kw>
<kw name="Sleep" owner="BuiltIn">
<msg time="2024-11-24T20:56:26.891669" level="INFO">Slept 2 seconds.</msg>
<arg>2</arg>
<doc>Pauses the test executed for the given time.</doc>
<status status="PASS" start="2024-11-24T20:56:24.891564" elapsed="2.000105"/>
</kw>
<kw name="Get Window Titles" owner="SeleniumLibrary">
<msg time="2024-11-24T20:56:26.901360" level="INFO">Altogether 1 item.
1: İletişim – 2N Haber</msg>
<msg time="2024-11-24T20:56:26.902357" level="INFO">${news_title} = ['İletişim – 2N Haber']</msg>
<var>${news_title}</var>
<doc>Returns and logs titles of all windows of the selected browser.</doc>
<status status="PASS" start="2024-11-24T20:56:26.891669" elapsed="0.010688"/>
</kw>
<kw name="Log" owner="BuiltIn">
<msg time="2024-11-24T20:56:26.902357" level="INFO">Haber Başlığı: ['İletişim – 2N Haber']</msg>
<arg>Haber Başlığı: ${news_title}</arg>
<doc>Logs the given message with the given level.</doc>
<status status="PASS" start="2024-11-24T20:56:26.902357" elapsed="0.000000"/>
</kw>
<status status="PASS" start="2024-11-24T20:56:23.646723" elapsed="3.255634"/>
</kw>
<kw name="Close Browser" owner="SeleniumLibrary" type="TEARDOWN">
<doc>Closes the current browser.</doc>
<status status="PASS" start="2024-11-24T20:56:26.902357" elapsed="3.669725"/>
</kw>
<status status="PASS" start="2024-11-24T20:56:15.397720" elapsed="15.174362"/>
</test>
<test id="s1-t2" name="Navbar Test" line="14">
<kw name="2NHaber Anasayfasına git" owner="haberpage">
<kw name="Open Browser" owner="SeleniumLibrary">
<msg time="2024-11-24T20:56:30.573073" level="INFO">Opening browser 'Chrome' to base url 'https://2nhaber.com/'.</msg>
<arg>${Datas.URL}</arg>
<arg>Chrome</arg>
<doc>Opens a new browser instance to the optional ``url``.</doc>
<status status="PASS" start="2024-11-24T20:56:30.573073" elapsed="2.658579"/>
</kw>
<kw name="Maximize Browser Window" owner="SeleniumLibrary">
<doc>Maximizes current browser window.</doc>
<status status="PASS" start="2024-11-24T20:56:33.231652" elapsed="0.033245"/>
</kw>
<kw name="Title Should Be" owner="SeleniumLibrary">
<msg time="2024-11-24T20:56:33.280133" level="INFO">Page title is '2N Haber – Yarını Bugün Keşfet!'.</msg>
<arg>2N Haber – Yarını Bugün Keşfet!</arg>
<doc>Verifies that the current page title equals ``title``.</doc>
<status status="PASS" start="2024-11-24T20:56:33.264897" elapsed="0.015236"/>
</kw>
<status status="PASS" start="2024-11-24T20:56:30.573073" elapsed="2.707060"/>
</kw>
<kw name="Navbardaki öğeleri gez" owner="haberpage">
<kw name="Wait Until Element Is Visible" owner="SeleniumLibrary">
<arg>${HaberLocators.NEDEN_LOCATE}</arg>
<doc>Waits until the element ``locator`` is visible.</doc>
<status status="PASS" start="2024-11-24T20:56:33.281131" elapsed="0.023682"/>
</kw>
<kw name="Mouse Over" owner="SeleniumLibrary">
<msg time="2024-11-24T20:56:33.306293" level="INFO">Simulating Mouse Over on element '//li[@id='menu-item-31740']'.</msg>
<arg>${HaberLocators.NEDEN_LOCATE}</arg>
<doc>Simulates hovering the mouse over the element ``locator``.</doc>
<status status="PASS" start="2024-11-24T20:56:33.306293" elapsed="0.274929"/>
</kw>
<kw name="Click Element" owner="SeleniumLibrary">
<msg time="2024-11-24T20:56:33.582219" level="INFO">Clicking element '//li[@id='menu-item-31740']'.</msg>
<arg>${HaberLocators.NEDEN_LOCATE}</arg>
<doc>Click the element identified by ``locator``.</doc>
<status status="PASS" start="2024-11-24T20:56:33.582219" elapsed="1.022474"/>
</kw>
<kw name="Get Window Titles" owner="SeleniumLibrary">
<msg time="2024-11-24T20:56:34.625555" level="INFO">Altogether 1 item.
1: Neden – 2N Haber</msg>
<msg time="2024-11-24T20:56:34.626552" level="INFO">${news_title} = ['Neden – 2N Haber']</msg>
<var>${news_title}</var>
<doc>Returns and logs titles of all windows of the selected browser.</doc>
<status status="PASS" start="2024-11-24T20:56:34.604693" elapsed="0.021859"/>
</kw>
<kw name="Log" owner="BuiltIn">
<msg time="2024-11-24T20:56:34.626552" level="INFO">Sayfa Başlığı: ['Neden – 2N Haber']</msg>
<arg>Sayfa Başlığı: ${news_title}</arg>
<doc>Logs the given message with the given level.</doc>
<status status="PASS" start="2024-11-24T20:56:34.626552" elapsed="0.000000"/>
</kw>
<kw name="Wait Until Element Is Visible" owner="SeleniumLibrary">
<arg>${HaberLocators.NEDEN_LOCATE}</arg>
<doc>Waits until the element ``locator`` is visible.</doc>
<status status="PASS" start="2024-11-24T20:56:34.626552" elapsed="0.020288"/>
</kw>
<kw name="Mouse Over" owner="SeleniumLibrary">
<msg time="2024-11-24T20:56:34.647838" level="INFO">Simulating Mouse Over on element '//li[@id='menu-item-31740']'.</msg>
<arg>${HaberLocators.NEDEN_LOCATE}</arg>
<doc>Simulates hovering the mouse over the element ``locator``.</doc>
<status status="PASS" start="2024-11-24T20:56:34.646840" elapsed="0.284533"/>
</kw>
<kw name="Click Element" owner="SeleniumLibrary">
<msg time="2024-11-24T20:56:34.931373" level="INFO">Clicking element '//nav[@class='elementor-widget-cmsmasters-nav-menu__main elementor-widget-cmsmasters-nav-menu__container cmsmasters-layout-horizontal']//a[.='Astronomi']'.</msg>
<arg>${HaberLocators.ASTRO_LOCATE}</arg>
<doc>Click the element identified by ``locator``.</doc>
<status status="PASS" start="2024-11-24T20:56:34.931373" elapsed="0.484279"/>
</kw>
<kw name="Get Window Titles" owner="SeleniumLibrary">
<msg time="2024-11-24T20:56:35.430527" level="INFO">Altogether 1 item.
1: Astronomi – 2N Haber</msg>
<msg time="2024-11-24T20:56:35.430527" level="INFO">${news_title} = ['Astronomi – 2N Haber']</msg>
<var>${news_title}</var>
<doc>Returns and logs titles of all windows of the selected browser.</doc>
<status status="PASS" start="2024-11-24T20:56:35.415652" elapsed="0.014875"/>
</kw>
<kw name="Log" owner="BuiltIn">
<msg time="2024-11-24T20:56:35.430527" level="INFO">Sayfa Başlığı: ['Astronomi – 2N Haber']</msg>
<arg>Sayfa Başlığı: ${news_title}</arg>
<doc>Logs the given message with the given level.</doc>
<status status="PASS" start="2024-11-24T20:56:35.430527" elapsed="0.000000"/>
</kw>
<kw name="Wait Until Element Is Visible" owner="SeleniumLibrary">
<arg>${HaberLocators.NEDEN_LOCATE}</arg>
<doc>Waits until the element ``locator`` is visible.</doc>
<status status="PASS" start="2024-11-24T20:56:35.430527" elapsed="0.013450"/>
</kw>
<kw name="Mouse Over" owner="SeleniumLibrary">
<msg time="2024-11-24T20:56:35.445020" level="INFO">Simulating Mouse Over on element '//li[@id='menu-item-31740']'.</msg>
<arg>${HaberLocators.NEDEN_LOCATE}</arg>
<doc>Simulates hovering the mouse over the element ``locator``.</doc>
<status status="PASS" start="2024-11-24T20:56:35.443977" elapsed="0.275506"/>
</kw>
<kw name="Click Element" owner="SeleniumLibrary">
<msg time="2024-11-24T20:56:35.719483" level="INFO">Clicking element '//nav[@class='elementor-widget-cmsmasters-nav-menu__main elementor-widget-cmsmasters-nav-menu__container cmsmasters-layout-horizontal']//a[.='Fizik']'.</msg>
<arg>${HaberLocators.FIZIK_LOCATE}</arg>
<doc>Click the element identified by ``locator``.</doc>
<status status="PASS" start="2024-11-24T20:56:35.719483" elapsed="0.479957"/>
</kw>
<kw name="Get Window Titles" owner="SeleniumLibrary">
<msg time="2024-11-24T20:56:36.213057" level="INFO">Altogether 1 item.
1: Fizik – 2N Haber</msg>
<msg time="2024-11-24T20:56:36.214054" level="INFO">${news_title} = ['Fizik – 2N Haber']</msg>
<var>${news_title}</var>
<doc>Returns and logs titles of all windows of the selected browser.</doc>
<status status="PASS" start="2024-11-24T20:56:36.199440" elapsed="0.014614"/>
</kw>
<kw name="Log" owner="BuiltIn">
<msg time="2024-11-24T20:56:36.214557" level="INFO">Sayfa Başlığı: ['Fizik – 2N Haber']</msg>
<arg>Sayfa Başlığı: ${news_title}</arg>
<doc>Logs the given message with the given level.</doc>
<status status="PASS" start="2024-11-24T20:56:36.214054" elapsed="0.000503"/>
</kw>
<kw name="Wait Until Element Is Visible" owner="SeleniumLibrary">
<arg>${HaberLocators.NEDEN_LOCATE}</arg>
<doc>Waits until the element ``locator`` is visible.</doc>
<status status="PASS" start="2024-11-24T20:56:36.214557" elapsed="0.011525"/>
</kw>
<kw name="Mouse Over" owner="SeleniumLibrary">
<msg time="2024-11-24T20:56:36.227081" level="INFO">Simulating Mouse Over on element '//li[@id='menu-item-31740']'.</msg>
<arg>${HaberLocators.NEDEN_LOCATE}</arg>
<doc>Simulates hovering the mouse over the element ``locator``.</doc>
<status status="PASS" start="2024-11-24T20:56:36.227081" elapsed="0.265976"/>
</kw>
<kw name="Click Element" owner="SeleniumLibrary">
<msg time="2024-11-24T20:56:36.494551" level="INFO">Clicking element '//nav[@class='elementor-widget-cmsmasters-nav-menu__main elementor-widget-cmsmasters-nav-menu__container cmsmasters-layout-horizontal']//a[.='Kimya']'.</msg>
<arg>${HaberLocators.KIMYA_LOCATE}</arg>
<doc>Click the element identified by ``locator``.</doc>
<status status="PASS" start="2024-11-24T20:56:36.494048" elapsed="0.456777"/>
</kw>
<kw name="Get Window Titles" owner="SeleniumLibrary">
<msg time="2024-11-24T20:56:36.967494" level="INFO">Altogether 1 item.
1: Kimya – 2N Haber</msg>
<msg time="2024-11-24T20:56:36.967494" level="INFO">${news_title} = ['Kimya – 2N Haber']</msg>
<var>${news_title}</var>
<doc>Returns and logs titles of all windows of the selected browser.</doc>
<status status="PASS" start="2024-11-24T20:56:36.950825" elapsed="0.016669"/>
</kw>
<kw name="Log" owner="BuiltIn">
<msg time="2024-11-24T20:56:36.967494" level="INFO">Sayfa Başlığı: ['Kimya – 2N Haber']</msg>
<arg>Sayfa Başlığı: ${news_title}</arg>
<doc>Logs the given message with the given level.</doc>
<status status="PASS" start="2024-11-24T20:56:36.967494" elapsed="0.000000"/>
</kw>
<kw name="Wait Until Element Is Visible" owner="SeleniumLibrary">
<arg>${HaberLocators.NEDEN_LOCATE}</arg>
<doc>Waits until the element ``locator`` is visible.</doc>
<status status="PASS" start="2024-11-24T20:56:36.967494" elapsed="0.013299"/>
</kw>
<kw name="Mouse Over" owner="SeleniumLibrary">
<msg time="2024-11-24T20:56:36.980793" level="INFO">Simulating Mouse Over on element '//li[@id='menu-item-31740']'.</msg>
<arg>${HaberLocators.NEDEN_LOCATE}</arg>
<doc>Simulates hovering the mouse over the element ``locator``.</doc>
<status status="PASS" start="2024-11-24T20:56:36.980793" elapsed="0.278556"/>
</kw>
<kw name="Click Element" owner="SeleniumLibrary">
<msg time="2024-11-24T20:56:37.260346" level="INFO">Clicking element '//nav[@class='elementor-widget-cmsmasters-nav-menu__main elementor-widget-cmsmasters-nav-menu__container cmsmasters-layout-horizontal']//a[.='Biyoloji']'.</msg>
<arg>${HaberLocators.BIO_LOCATE}</arg>
<doc>Click the element identified by ``locator``.</doc>
<status status="PASS" start="2024-11-24T20:56:37.259349" elapsed="0.461237"/>
</kw>
<kw name="Get Window Titles" owner="SeleniumLibrary">
<msg time="2024-11-24T20:56:37.732162" level="INFO">Altogether 1 item.
1: Biyoloji – 2N Haber</msg>
<msg time="2024-11-24T20:56:37.732162" level="INFO">${news_title} = ['Biyoloji – 2N Haber']</msg>
<var>${news_title}</var>
<doc>Returns and logs titles of all windows of the selected browser.</doc>
<status status="PASS" start="2024-11-24T20:56:37.720586" elapsed="0.011576"/>
</kw>
<kw name="Log" owner="BuiltIn">
<msg time="2024-11-24T20:56:37.732162" level="INFO">Sayfa Başlığı: ['Biyoloji – 2N Haber']</msg>
<arg>Sayfa Başlığı: ${news_title}</arg>
<doc>Logs the given message with the given level.</doc>
<status status="PASS" start="2024-11-24T20:56:37.732162" elapsed="0.000000"/>
</kw>
<kw name="Wait Until Element Is Visible" owner="SeleniumLibrary">
<arg>${HaberLocators.NEDEN_LOCATE}</arg>
<doc>Waits until the element ``locator`` is visible.</doc>
<status status="PASS" start="2024-11-24T20:56:37.732162" elapsed="0.013908"/>
</kw>
<kw name="Mouse Over" owner="SeleniumLibrary">
<msg time="2024-11-24T20:56:37.747067" level="INFO">Simulating Mouse Over on element '//li[@id='menu-item-31740']'.</msg>
<arg>${HaberLocators.NEDEN_LOCATE}</arg>
<doc>Simulates hovering the mouse over the element ``locator``.</doc>
<status status="PASS" start="2024-11-24T20:56:37.747067" elapsed="0.273231"/>
</kw>
<kw name="Click Element" owner="SeleniumLibrary">
<msg time="2024-11-24T20:56:38.021290" level="INFO">Clicking element '//nav[@class='elementor-widget-cmsmasters-nav-menu__main elementor-widget-cmsmasters-nav-menu__container cmsmasters-layout-horizontal']//a[.='Diğer']'.</msg>
<arg>${HaberLocators.DIGER_LOCATE}</arg>
<doc>Click the element identified by ``locator``.</doc>
<status status="PASS" start="2024-11-24T20:56:38.021290" elapsed="0.532822"/>
</kw>
<kw name="Get Window Titles" owner="SeleniumLibrary">
<msg time="2024-11-24T20:56:38.566652" level="INFO">Altogether 1 item.
1: Diğer – 2N Haber</msg>
<msg time="2024-11-24T20:56:38.566652" level="INFO">${news_title} = ['Diğer – 2N Haber']</msg>
<var>${news_title}</var>
<doc>Returns and logs titles of all windows of the selected browser.</doc>
<status status="PASS" start="2024-11-24T20:56:38.554112" elapsed="0.012540"/>
</kw>
<kw name="Log" owner="BuiltIn">
<msg time="2024-11-24T20:56:38.566652" level="INFO">Sayfa Başlığı: ['Diğer – 2N Haber']</msg>
<arg>Sayfa Başlığı: ${news_title}</arg>
<doc>Logs the given message with the given level.</doc>
<status status="PASS" start="2024-11-24T20:56:38.566652" elapsed="0.000000"/>
</kw>
<kw name="Sleep" owner="BuiltIn">
<msg time="2024-11-24T20:56:40.566728" level="INFO">Slept 2 seconds.</msg>
<arg>2</arg>
<doc>Pauses the test executed for the given time.</doc>
<status status="PASS" start="2024-11-24T20:56:38.566652" elapsed="2.000076"/>
</kw>
<status status="PASS" start="2024-11-24T20:56:33.280133" elapsed="7.286595"/>
</kw>
<kw name="Close Browser" owner="SeleniumLibrary" type="TEARDOWN">
<doc>Closes the current browser.</doc>
<status status="PASS" start="2024-11-24T20:56:40.567234" elapsed="2.114701"/>
</kw>
<status status="PASS" start="2024-11-24T20:56:30.572082" elapsed="12.109853"/>
</test>
<status status="PASS" start="2024-11-24T20:56:15.123125" elapsed="27.558810"/>
</suite>
<statistics>
<total>
<stat pass="2" fail="0" skip="0">All Tests</stat>
</total>
<tag>
</tag>
<suite>
<stat pass="2" fail="0" skip="0" id="s1" name="Habertest">Habertest</stat>
</suite>
</statistics>
<errors>
<msg time="2024-11-24T20:56:15.396723" level="ERROR">Error in file 'C:\Users\mehme\IdeaProjects\untitled4\pages\haberpage.robot' on line 7: Invalid resource file extension '.py'. Supported extensions are '.json', '.resource', '.rest', '.robot', '.rsrc', '.rst', '.tsv' and '.txt'.</msg>
</errors>
</robot>
